c:\users\will\onedrive\uni\module 7\framework\framework\x64\debug\vc142.pdb
c:\users\will\onedrive\uni\module 7\framework\framework\x64\debug\vc142.idb
c:\users\will\onedrive\uni\module 7\framework\framework\x64\debug\vector2.obj
c:\users\will\onedrive\uni\module 7\framework\framework\x64\debug\timer.obj
c:\users\will\onedrive\uni\module 7\framework\framework\x64\debug\sound.obj
c:\users\will\onedrive\uni\module 7\framework\framework\x64\debug\snaketail.obj
c:\users\will\onedrive\uni\module 7\framework\framework\x64\debug\snakehead.obj
c:\users\will\onedrive\uni\module 7\framework\framework\x64\debug\snakeelement.obj
c:\users\will\onedrive\uni\module 7\framework\framework\x64\debug\snake.obj
c:\users\will\onedrive\uni\module 7\framework\framework\x64\debug\main.obj
c:\users\will\onedrive\uni\module 7\framework\framework\x64\debug\inputmanager.obj
c:\users\will\onedrive\uni\module 7\framework\framework\x64\debug\helpers.obj
c:\users\will\onedrive\uni\module 7\framework\framework\x64\debug\game.obj
c:\users\will\onedrive\uni\module 7\framework\framework\x64\debug\fruit.obj
c:\users\will\onedrive\uni\module 7\framework\framework\x64\debug\collisiondetection.obj
c:\users\will\onedrive\uni\module 7\framework\framework\x64\debug\charobject.obj
c:\users\will\onedrive\uni\module 7\framework\framework\x64\debug\arena.obj
c:\users\will\onedrive\uni\module 7\framework\x64\debug\framework.exe
c:\users\will\onedrive\uni\module 7\framework\framework\x64\debug\framework.ilk
c:\users\will\onedrive\uni\module 7\framework\x64\debug\framework.pdb
c:\users\will\onedrive\uni\module 7\framework\framework\x64\debug\framework.tlog\cl.command.1.tlog
c:\users\will\onedrive\uni\module 7\framework\framework\x64\debug\framework.tlog\cl.read.1.tlog
c:\users\will\onedrive\uni\module 7\framework\framework\x64\debug\framework.tlog\cl.write.1.tlog
c:\users\will\onedrive\uni\module 7\framework\framework\x64\debug\framework.tlog\link.command.1.tlog
c:\users\will\onedrive\uni\module 7\framework\framework\x64\debug\framework.tlog\link.read.1.tlog
c:\users\will\onedrive\uni\module 7\framework\framework\x64\debug\framework.tlog\link.write.1.tlog
